scheduler_binding_duration_seconds_bucket{le="0.001"} 0
scheduler_binding_duration_seconds_bucket{le="0.002"} 0
scheduler_binding_duration_seconds_bucket{le="0.004"} 0
scheduler_binding_duration_seconds_bucket{le="0.008"} 0
scheduler_binding_duration_seconds_bucket{le="0.016"} 0
scheduler_binding_duration_seconds_bucket{le="0.032"} 0
scheduler_binding_duration_seconds_bucket{le="0.064"} 0
scheduler_binding_duration_seconds_bucket{le="0.128"} 2
scheduler_binding_duration_seconds_bucket{le="0.256"} 23
scheduler_binding_duration_seconds_bucket{le="0.512"} 51
scheduler_binding_duration_seconds_bucket{le="1.024"} 58
scheduler_binding_duration_seconds_bucket{le="2.048"} 78
scheduler_binding_duration_seconds_bucket{le="4.096"} 100
scheduler_binding_duration_seconds_bucket{le="8.192"} 101
scheduler_binding_duration_seconds_bucket{le="16.384"} 101
scheduler_binding_duration_seconds_bucket{le="+Inf"} 101
scheduler_binding_duration_seconds_sum 120.00549794899999
scheduler_binding_duration_seconds_count 101
scheduler_e2e_scheduling_duration_seconds_bucket{profile="kubehice-scheduler",result="scheduled",le="0.001"} 0
scheduler_e2e_scheduling_duration_seconds_bucket{profile="kubehice-scheduler",result="scheduled",le="0.002"} 0
scheduler_e2e_scheduling_duration_seconds_bucket{profile="kubehice-scheduler",result="scheduled",le="0.004"} 0
scheduler_e2e_scheduling_duration_seconds_bucket{profile="kubehice-scheduler",result="scheduled",le="0.008"} 0
scheduler_e2e_scheduling_duration_seconds_bucket{profile="kubehice-scheduler",result="scheduled",le="0.016"} 0
scheduler_e2e_scheduling_duration_seconds_bucket{profile="kubehice-scheduler",result="scheduled",le="0.032"} 0
scheduler_e2e_scheduling_duration_seconds_bucket{profile="kubehice-scheduler",result="scheduled",le="0.064"} 0
scheduler_e2e_scheduling_duration_seconds_bucket{profile="kubehice-scheduler",result="scheduled",le="0.128"} 1
scheduler_e2e_scheduling_duration_seconds_bucket{profile="kubehice-scheduler",result="scheduled",le="0.256"} 5
scheduler_e2e_scheduling_duration_seconds_bucket{profile="kubehice-scheduler",result="scheduled",le="0.512"} 42
scheduler_e2e_scheduling_duration_seconds_bucket{profile="kubehice-scheduler",result="scheduled",le="1.024"} 51
scheduler_e2e_scheduling_duration_seconds_bucket{profile="kubehice-scheduler",result="scheduled",le="2.048"} 65
scheduler_e2e_scheduling_duration_seconds_bucket{profile="kubehice-scheduler",result="scheduled",le="4.096"} 95
scheduler_e2e_scheduling_duration_seconds_bucket{profile="kubehice-scheduler",result="scheduled",le="8.192"} 101
scheduler_e2e_scheduling_duration_seconds_bucket{profile="kubehice-scheduler",result="scheduled",le="16.384"} 101
scheduler_e2e_scheduling_duration_seconds_bucket{profile="kubehice-scheduler",result="scheduled",le="+Inf"} 101
scheduler_e2e_scheduling_duration_seconds_sum{profile="kubehice-scheduler",result="scheduled"} 154.33502536199995
scheduler_e2e_scheduling_duration_seconds_count{profile="kubehice-scheduler",result="scheduled"} 101
scheduler_pod_scheduling_duration_seconds_bucket{attempts="1",le="0.01"} 0
scheduler_pod_scheduling_duration_seconds_bucket{attempts="1",le="0.02"} 0
scheduler_pod_scheduling_duration_seconds_bucket{attempts="1",le="0.04"} 0
scheduler_pod_scheduling_duration_seconds_bucket{attempts="1",le="0.08"} 0
scheduler_pod_scheduling_duration_seconds_bucket{attempts="1",le="0.16"} 1
scheduler_pod_scheduling_duration_seconds_bucket{attempts="1",le="0.32"} 8
scheduler_pod_scheduling_duration_seconds_bucket{attempts="1",le="0.64"} 25
scheduler_pod_scheduling_duration_seconds_bucket{attempts="1",le="1.28"} 44
scheduler_pod_scheduling_duration_seconds_bucket{attempts="1",le="2.56"} 65
scheduler_pod_scheduling_duration_seconds_bucket{attempts="1",le="5.12"} 92
scheduler_pod_scheduling_duration_seconds_bucket{attempts="1",le="10.24"} 101
scheduler_pod_scheduling_duration_seconds_bucket{attempts="1",le="20.48"} 101
scheduler_pod_scheduling_duration_seconds_bucket{attempts="1",le="40.96"} 101
scheduler_pod_scheduling_duration_seconds_bucket{attempts="1",le="81.92"} 101
scheduler_pod_scheduling_duration_seconds_bucket{attempts="1",le="163.84"} 101
scheduler_pod_scheduling_duration_seconds_bucket{attempts="1",le="327.68"} 101
scheduler_pod_scheduling_duration_seconds_bucket{attempts="1",le="655.36"} 101
scheduler_pod_scheduling_duration_seconds_bucket{attempts="1",le="1310.72"} 101
scheduler_pod_scheduling_duration_seconds_bucket{attempts="1",le="2621.44"} 101
scheduler_pod_scheduling_duration_seconds_bucket{attempts="1",le="5242.88"} 101
scheduler_pod_scheduling_duration_seconds_bucket{attempts="1",le="+Inf"} 101
scheduler_pod_scheduling_duration_seconds_sum{attempts="1"} 227.50505247799993
scheduler_pod_scheduling_duration_seconds_count{attempts="1"} 101
