scheduler_binding_duration_seconds_bucket{le="0.001"} 0
scheduler_binding_duration_seconds_bucket{le="0.002"} 0
scheduler_binding_duration_seconds_bucket{le="0.004"} 0
scheduler_binding_duration_seconds_bucket{le="0.008"} 0
scheduler_binding_duration_seconds_bucket{le="0.016"} 2
scheduler_binding_duration_seconds_bucket{le="0.032"} 15
scheduler_binding_duration_seconds_bucket{le="0.064"} 34
scheduler_binding_duration_seconds_bucket{le="0.128"} 60
scheduler_binding_duration_seconds_bucket{le="0.256"} 78
scheduler_binding_duration_seconds_bucket{le="0.512"} 88
scheduler_binding_duration_seconds_bucket{le="1.024"} 98
scheduler_binding_duration_seconds_bucket{le="2.048"} 101
scheduler_binding_duration_seconds_bucket{le="4.096"} 101
scheduler_binding_duration_seconds_bucket{le="8.192"} 101
scheduler_binding_duration_seconds_bucket{le="16.384"} 101
scheduler_binding_duration_seconds_bucket{le="+Inf"} 101
scheduler_binding_duration_seconds_sum 22.372936951
scheduler_binding_duration_seconds_count 101
scheduler_e2e_scheduling_duration_seconds_bucket{le="0.001"} 0
scheduler_e2e_scheduling_duration_seconds_bucket{le="0.002"} 0
scheduler_e2e_scheduling_duration_seconds_bucket{le="0.004"} 0
scheduler_e2e_scheduling_duration_seconds_bucket{le="0.008"} 0
scheduler_e2e_scheduling_duration_seconds_bucket{le="0.016"} 2
scheduler_e2e_scheduling_duration_seconds_bucket{le="0.032"} 15
scheduler_e2e_scheduling_duration_seconds_bucket{le="0.064"} 32
scheduler_e2e_scheduling_duration_seconds_bucket{le="0.128"} 59
scheduler_e2e_scheduling_duration_seconds_bucket{le="0.256"} 77
scheduler_e2e_scheduling_duration_seconds_bucket{le="0.512"} 88
scheduler_e2e_scheduling_duration_seconds_bucket{le="1.024"} 98
scheduler_e2e_scheduling_duration_seconds_bucket{le="2.048"} 101
scheduler_e2e_scheduling_duration_seconds_bucket{le="4.096"} 101
scheduler_e2e_scheduling_duration_seconds_bucket{le="8.192"} 101
scheduler_e2e_scheduling_duration_seconds_bucket{le="16.384"} 101
scheduler_e2e_scheduling_duration_seconds_bucket{le="+Inf"} 101
scheduler_e2e_scheduling_duration_seconds_sum 22.733299771
scheduler_e2e_scheduling_duration_seconds_count 101
scheduler_pod_scheduling_duration_seconds_bucket{le="0.001"} 0
scheduler_pod_scheduling_duration_seconds_bucket{le="0.002"} 0
scheduler_pod_scheduling_duration_seconds_bucket{le="0.004"} 0
scheduler_pod_scheduling_duration_seconds_bucket{le="0.008"} 0
scheduler_pod_scheduling_duration_seconds_bucket{le="0.016"} 2
scheduler_pod_scheduling_duration_seconds_bucket{le="0.032"} 15
scheduler_pod_scheduling_duration_seconds_bucket{le="0.064"} 30
scheduler_pod_scheduling_duration_seconds_bucket{le="0.128"} 52
scheduler_pod_scheduling_duration_seconds_bucket{le="0.256"} 69
scheduler_pod_scheduling_duration_seconds_bucket{le="0.512"} 88
scheduler_pod_scheduling_duration_seconds_bucket{le="1.024"} 98
scheduler_pod_scheduling_duration_seconds_bucket{le="2.048"} 101
scheduler_pod_scheduling_duration_seconds_bucket{le="4.096"} 101
scheduler_pod_scheduling_duration_seconds_bucket{le="8.192"} 101
scheduler_pod_scheduling_duration_seconds_bucket{le="16.384"} 101
scheduler_pod_scheduling_duration_seconds_bucket{le="+Inf"} 101
scheduler_pod_scheduling_duration_seconds_sum 24.719941161000005
scheduler_pod_scheduling_duration_seconds_count 101
